[debug] [2023-01-07T04:41:44.126Z] ----------------------------------------------------------------------
[debug] [2023-01-07T04:41:44.130Z] Command:       C:\Program Files\nodejs\node.exe C:\Users\USER\AppData\Roaming\npm\node_modules\firebase-tools\lib\bin\firebase.js deploy
[debug] [2023-01-07T04:41:44.131Z] CLI Version:   11.20.0
[debug] [2023-01-07T04:41:44.131Z] Platform:      win32
[debug] [2023-01-07T04:41:44.131Z] Node Version:  v19.2.0
[debug] [2023-01-07T04:41:44.131Z] Time:          Fri Jan 06 2023 23:41:44 GMT-0500 (hora estándar de Perú)
[debug] [2023-01-07T04:41:44.132Z] ----------------------------------------------------------------------
[debug] 
[debug] [2023-01-07T04:41:44.264Z] > command requires scopes: ["email","openid","https://www.googleapis.com/auth/cloudplatformprojects.readonly","https://www.googleapis.com/auth/firebase","https://www.googleapis.com/auth/cloud-platform"]
[debug] [2023-01-07T04:41:44.265Z] > authorizing via signed-in user (jairoo.andrea1204@gmail.com)
[debug] [2023-01-07T04:41:44.265Z] [iam] checking project portafolio-jp for permissions ["firebase.projects.get","firebasehosting.sites.update"]
[debug] [2023-01-07T04:41:44.269Z] >>> [apiv2][query] POST https://cloudresourcemanager.googleapis.com/v1/projects/portafolio-jp:testIamPermissions [none]
[debug] [2023-01-07T04:41:44.269Z] >>> [apiv2][(partial)header] POST https://cloudresourcemanager.googleapis.com/v1/projects/portafolio-jp:testIamPermissions x-goog-quota-user=projects/portafolio-jp
[debug] [2023-01-07T04:41:44.270Z] >>> [apiv2][body] POST https://cloudresourcemanager.googleapis.com/v1/projects/portafolio-jp:testIamPermissions {"permissions":["firebase.projects.get","firebasehosting.sites.update"]}
[debug] [2023-01-07T04:41:45.246Z] <<< [apiv2][status] POST https://cloudresourcemanager.googleapis.com/v1/projects/portafolio-jp:testIamPermissions 200
[debug] [2023-01-07T04:41:45.246Z] <<< [apiv2][body] POST https://cloudresourcemanager.googleapis.com/v1/projects/portafolio-jp:testIamPermissions {"permissions":["firebase.projects.get","firebasehosting.sites.update"]}
[debug] [2023-01-07T04:41:45.248Z] >>> [apiv2][query] GET https://firebase.googleapis.com/v1beta1/projects/portafolio-jp [none]
[debug] [2023-01-07T04:41:45.630Z] <<< [apiv2][status] GET https://firebase.googleapis.com/v1beta1/projects/portafolio-jp 200
[debug] [2023-01-07T04:41:45.631Z] <<< [apiv2][body] GET https://firebase.googleapis.com/v1beta1/projects/portafolio-jp {"projectId":"portafolio-jp","projectNumber":"637177189538","displayName":"portafoliojp","name":"projects/portafolio-jp","resources":{"hostingSite":"portafolio-jp"},"state":"ACTIVE","etag":"1_c49a6e9c-a648-4840-b042-97cd68e76147"}
[debug] [2023-01-07T04:42:30.378Z] TypeError: Cannot read properties of null (reading 'toString')
    at ɵcodegenFunctionsDirectory (C:\Users\USER\AppData\Roaming\npm\node_modules\firebase-tools\lib\frameworks\next\index.js:220:18)
    at async prepareFrameworks (C:\Users\USER\AppData\Roaming\npm\node_modules\firebase-tools\lib\frameworks\index.js:305:84)
    at async deploy (C:\Users\USER\AppData\Roaming\npm\node_modules\firebase-tools\lib\deploy\index.js:53:13)
[error] 
[error] Error: An unexpected error has occurred.
[debug] [2023-01-07T05:13:49.327Z] ----------------------------------------------------------------------
[debug] [2023-01-07T05:13:49.331Z] Command:       C:\Program Files\nodejs\node.exe C:\Users\USER\AppData\Roaming\npm\node_modules\firebase-tools\lib\bin\firebase.js deploy
[debug] [2023-01-07T05:13:49.332Z] CLI Version:   11.20.0
[debug] [2023-01-07T05:13:49.332Z] Platform:      win32
[debug] [2023-01-07T05:13:49.332Z] Node Version:  v19.2.0
[debug] [2023-01-07T05:13:49.333Z] Time:          Sat Jan 07 2023 00:13:49 GMT-0500 (hora estándar de Perú)
[debug] [2023-01-07T05:13:49.333Z] ----------------------------------------------------------------------
[debug] 
[debug] [2023-01-07T05:13:49.453Z] > command requires scopes: ["email","openid","https://www.googleapis.com/auth/cloudplatformprojects.readonly","https://www.googleapis.com/auth/firebase","https://www.googleapis.com/auth/cloud-platform"]
[debug] [2023-01-07T05:13:49.454Z] > authorizing via signed-in user (jairoo.andrea1204@gmail.com)
[debug] [2023-01-07T05:13:49.454Z] [iam] checking project portafolio-jp for permissions ["firebase.projects.get","firebasehosting.sites.update"]
[debug] [2023-01-07T05:13:49.458Z] >>> [apiv2][query] POST https://cloudresourcemanager.googleapis.com/v1/projects/portafolio-jp:testIamPermissions [none]
[debug] [2023-01-07T05:13:49.459Z] >>> [apiv2][(partial)header] POST https://cloudresourcemanager.googleapis.com/v1/projects/portafolio-jp:testIamPermissions x-goog-quota-user=projects/portafolio-jp
[debug] [2023-01-07T05:13:49.459Z] >>> [apiv2][body] POST https://cloudresourcemanager.googleapis.com/v1/projects/portafolio-jp:testIamPermissions {"permissions":["firebase.projects.get","firebasehosting.sites.update"]}
[debug] [2023-01-07T05:13:50.560Z] <<< [apiv2][status] POST https://cloudresourcemanager.googleapis.com/v1/projects/portafolio-jp:testIamPermissions 200
[debug] [2023-01-07T05:13:50.560Z] <<< [apiv2][body] POST https://cloudresourcemanager.googleapis.com/v1/projects/portafolio-jp:testIamPermissions {"permissions":["firebase.projects.get","firebasehosting.sites.update"]}
[debug] [2023-01-07T05:13:50.562Z] >>> [apiv2][query] GET https://firebase.googleapis.com/v1beta1/projects/portafolio-jp [none]
[debug] [2023-01-07T05:13:50.967Z] <<< [apiv2][status] GET https://firebase.googleapis.com/v1beta1/projects/portafolio-jp 200
[debug] [2023-01-07T05:13:50.967Z] <<< [apiv2][body] GET https://firebase.googleapis.com/v1beta1/projects/portafolio-jp {"projectId":"portafolio-jp","projectNumber":"637177189538","displayName":"portafoliojp","name":"projects/portafolio-jp","resources":{"hostingSite":"portafolio-jp"},"state":"ACTIVE","etag":"1_aabc40c8-0a1b-4761-88e2-2330f884e6dc"}
[debug] [2023-01-07T05:14:26.398Z] TypeError: Cannot read properties of null (reading 'toString')
    at ɵcodegenFunctionsDirectory (C:\Users\USER\AppData\Roaming\npm\node_modules\firebase-tools\lib\frameworks\next\index.js:220:18)
    at async prepareFrameworks (C:\Users\USER\AppData\Roaming\npm\node_modules\firebase-tools\lib\frameworks\index.js:305:84)
    at async deploy (C:\Users\USER\AppData\Roaming\npm\node_modules\firebase-tools\lib\deploy\index.js:53:13)
[error] 
[error] Error: An unexpected error has occurred.
